<?xml version="1.0" encoding="UTF-8"?>
<!-- Generated by org.testng.reporters.JUnitReportReporter -->
<testsuite hostname="DESKTOP-70NDPRC" failures="0" tests="1" name="com.herokuapp.theinternet.PositiveTests" time="12.967" errors="0" timestamp="2022-03-07T13:27:55 CST" skipped="0">
  <testcase classname="com.herokuapp.theinternet.PositiveTests" name="loginTest" time="12.967"/>
  <system-out/>
</testsuite> <!-- com.herokuapp.theinternet.PositiveTests -->
